{"D:\\New folder\\ccf-storage-computation\\src\\lib\\storage-model\\index.ts": {"path":"D:\\New folder\\ccf-storage-computation\\src\\lib\\storage-model\\index.ts","statementMap":{"0":{"start":{"line":6,"column":65},"end":{"line":6,"column":76}},"1":{"start":{"line":7,"column":35},"end":{"line":7,"column":53}},"2":{"start":{"line":10,"column":35},"end":{"line":10,"column":94}},"3":{"start":{"line":13,"column":36},"end":{"line":13,"column":61}},"4":{"start":{"line":16,"column":31},"end":{"line":16,"column":58}},"5":{"start":{"line":18,"column":8},"end":{"line":21,"column":10}},"6":{"start":{"line":25,"column":9},"end":{"line":25,"column":21}}},"fnMap":{"0":{"name":"(anonymous_0)","decl":{"start":{"line":5,"column":4},"end":{"line":5,"column":19}},"loc":{"start":{"line":5,"column":44},"end":{"line":22,"column":5}}}},"branchMap":{"0":{"loc":{"start":{"line":7,"column":35},"end":{"line":7,"column":53}},"type":"cond-expr","locations":[{"start":{"line":7,"column":43},"end":{"line":7,"column":47}},{"start":{"line":7,"column":50},"end":{"line":7,"column":53}}]}},"s":{"0":2,"1":2,"2":2,"3":2,"4":2,"5":2,"6":1},"f":{"0":2},"b":{"0":[1,1]}}
}
